<?xml version="1.0" encoding="UTF-8"?>
<!-- Generated by org.testng.reporters.JUnitXMLReporter -->
<testsuite ignored="1" hostname="L-TEC-ERP-073" failures="0" tests="2" name="Default test" time="1.229" errors="0" timestamp="2021-02-27T23:18:48 BDT">
  <testcase classname="restAssuredTestPractice.DataDrivenExample1" name="test_5_delete" time="1.165"/>
  <testcase classname="restAssuredTestPractice.DataDrivenExample1" name="test_5_delete" time="0.037"/>
  <testcase classname="restAssuredTestPractice.DataDrivenExample1" name="test_2_post" time="0.0">
    <ignored/>
  </testcase> <!-- test_2_post -->
</testsuite> <!-- Default test -->
