<?xml version="1.0" encoding="UTF-8"?>
<!-- Generated by org.testng.reporters.JUnitXMLReporter -->
<testsuite ignored="0" hostname="L-TEC-ERP-073" failures="0" tests="5" name="Test" time="1.51" errors="0" timestamp="2021-02-27T23:34:42 BDT">
  <testcase classname="restAssuredTestPractice.DataDrivenExample1" name="test_2_post" time="1.26"/>
  <testcase classname="restAssuredTestPractice.DataDrivenExample1" name="test_2_post" time="0.047"/>
  <testcase classname="restAssuredTestPractice.DataDrivenExample1" name="test_5_delete" time="0.047"/>
  <testcase classname="restAssuredTestPractice.DataDrivenExample1" name="test_5_delete" time="0.06"/>
  <testcase classname="restAssuredTestPractice.DataDrivenExample1" name="test_5_delete2" time="0.058"/>
</testsuite> <!-- Test -->
